<?xml version="1.0" encoding="UTF-8"?>
<robot generator="Robot 7.0 (Python 3.12.3 on win32)" generated="2024-11-13T12:26:26.669772" rpa="false" schemaversion="5">
<suite id="s1" name="Features Keywords" source="C:\Users\Juliana Rosa\Documents\Exercise_Robot_Framework\Features_Keywords">
<suite id="s1-s1" name="Buy Products" source="C:\Users\Juliana Rosa\Documents\Exercise_Robot_Framework\Features_Keywords\buy_products.robot">
<test id="s1-s1-t1" name="Feature 1 - Search and select shirts" line="13">
<kw name="Open the browser" owner="browser_methods" type="SETUP">
<kw name="Open Browser" owner="SeleniumLibrary">
<msg time="2024-11-13T12:26:26.894723" level="INFO">Opening browser 'chrome' to base url 'None'.</msg>
<arg>browser=chrome</arg>
<arg>options=add_argument("--disable-search-engine-choice-screen")</arg>
<doc>Opens a new browser instance to the optional ``url``.</doc>
<status status="PASS" start="2024-11-13T12:26:26.894723" elapsed="1.887347"/>
</kw>
<kw name="Maximize Browser Window" owner="SeleniumLibrary">
<doc>Maximizes current browser window.</doc>
<status status="PASS" start="2024-11-13T12:26:28.782070" elapsed="0.036409"/>
</kw>
<status status="PASS" start="2024-11-13T12:26:26.892719" elapsed="1.926759"/>
</kw>
<kw name="Given I accessed the store" owner="buy_products_methods">
<kw name="Go To" owner="SeleniumLibrary">
<msg time="2024-11-13T12:26:28.820477" level="INFO">Opening url 'https://automationexercise.com/'</msg>
<arg>${URL_store}</arg>
<doc>Navigates the current browser window to the provided ``url``.</doc>
<status status="PASS" start="2024-11-13T12:26:28.820477" elapsed="1.900952"/>
</kw>
<kw name="Click Button" owner="SeleniumLibrary">
<msg time="2024-11-13T12:26:30.721429" level="INFO">Clicking button '//button[@class='fc-button fc-cta-consent fc-primary-button'][contains(.,'Consent')]'.</msg>
<arg>${btn_consent}</arg>
<doc>Clicks the button identified by ``locator``.</doc>
<status status="PASS" start="2024-11-13T12:26:30.721429" elapsed="0.114882"/>
</kw>
<status status="PASS" start="2024-11-13T12:26:28.819478" elapsed="2.016833"/>
</kw>
<kw name="And I navigate to the Products page" owner="buy_products_methods">
<kw name="Click Element" owner="SeleniumLibrary">
<msg time="2024-11-13T12:26:30.837299" level="INFO">Clicking element '//a[contains(.,' Products')]'.</msg>
<arg>${menu_products}</arg>
<doc>Click the element identified by ``locator``.</doc>
<status status="PASS" start="2024-11-13T12:26:30.837299" elapsed="1.134055"/>
</kw>
<status status="PASS" start="2024-11-13T12:26:30.837299" elapsed="1.134055"/>
</kw>
<kw name="When I search the &quot;shirts&quot;" owner="buy_products_methods">
<kw name="Input Text" owner="SeleniumLibrary">
<msg time="2024-11-13T12:26:31.972351" level="INFO">Typing text 'shirts' into text field '//input[@type='text'][contains(@id,'product')]'.</msg>
<arg>${txt_search_product}</arg>
<arg>shirts</arg>
<doc>Types the given ``text`` into the text field identified by ``locator``.</doc>
<status status="PASS" start="2024-11-13T12:26:31.972351" elapsed="1.016654"/>
</kw>
<kw name="Click Button" owner="SeleniumLibrary">
<msg time="2024-11-13T12:26:32.990003" level="INFO">Clicking button '//button[@type='button'][contains(@id,'search')]'.</msg>
<arg>${btn_search}</arg>
<doc>Clicks the button identified by ``locator``.</doc>
<status status="PASS" start="2024-11-13T12:26:32.989005" elapsed="2.313213"/>
</kw>
<status status="PASS" start="2024-11-13T12:26:31.972351" elapsed="3.329867"/>
</kw>
<kw name="Then The products are visible" owner="buy_products_methods">
<kw name="Execute Javascript" owner="SeleniumLibrary">
<msg time="2024-11-13T12:26:35.304837" level="INFO">Executing JavaScript:
window.scrollTo(0,600)
Without any arguments.</msg>
<arg>window.scrollTo(0,600)</arg>
<doc>Executes the given JavaScript code with possible arguments.</doc>
<status status="PASS" start="2024-11-13T12:26:35.304837" elapsed="0.033849"/>
</kw>
<kw name="Wait Until Element Is Visible" owner="SeleniumLibrary">
<arg>${product}</arg>
<doc>Waits until the element ``locator`` is visible.</doc>
<status status="PASS" start="2024-11-13T12:26:35.339682" elapsed="0.290625"/>
</kw>
<kw name="Element Should Be Visible" owner="SeleniumLibrary">
<msg time="2024-11-13T12:26:35.667146" level="INFO">Element '(//div[contains(@class,'productinfo text-center')])[1]' is displayed.</msg>
<arg>${product}</arg>
<doc>Verifies that the element identified by ``locator`` is visible.</doc>
<status status="PASS" start="2024-11-13T12:26:35.630307" elapsed="0.036839"/>
</kw>
<kw name="Take Screenshot" owner="Screenshot">
<msg time="2024-11-13T12:26:35.799053" level="INFO" html="true">&lt;a href="screenshot_1.jpg"&gt;&lt;img src="screenshot_1.jpg" width="800px"&gt;&lt;/a&gt;</msg>
<doc>Takes a screenshot in JPEG format and embeds it into the log file.</doc>
<status status="PASS" start="2024-11-13T12:26:35.667146" elapsed="0.131907"/>
</kw>
<status status="PASS" start="2024-11-13T12:26:35.302218" elapsed="0.496835"/>
</kw>
<kw name="Close the browser" owner="browser_methods" type="TEARDOWN">
<kw name="Close Browser" owner="SeleniumLibrary">
<doc>Closes the current browser.</doc>
<status status="PASS" start="2024-11-13T12:26:35.801046" elapsed="2.480840"/>
</kw>
<status status="PASS" start="2024-11-13T12:26:35.800050" elapsed="2.481836"/>
</kw>
<doc>As a normal user
I want to access the online store
In order to select two shirts</doc>
<tag>search_products</tag>
<status status="PASS" start="2024-11-13T12:26:26.892719" elapsed="11.389167"/>
</test>
<test id="s1-s1-t2" name=" Feature 2 - Add products to cart" line="25">
<kw name="Open the browser" owner="browser_methods" type="SETUP">
<kw name="Open Browser" owner="SeleniumLibrary">
<msg time="2024-11-13T12:26:38.287579" level="INFO">Opening browser 'chrome' to base url 'None'.</msg>
<arg>browser=chrome</arg>
<arg>options=add_argument("--disable-search-engine-choice-screen")</arg>
<doc>Opens a new browser instance to the optional ``url``.</doc>
<status status="PASS" start="2024-11-13T12:26:38.284896" elapsed="2.112340"/>
</kw>
<kw name="Maximize Browser Window" owner="SeleniumLibrary">
<doc>Maximizes current browser window.</doc>
<status status="PASS" start="2024-11-13T12:26:40.398232" elapsed="0.071228"/>
</kw>
<status status="PASS" start="2024-11-13T12:26:38.284896" elapsed="2.184564"/>
</kw>
<kw name="Given I selected the &quot;shirts&quot;" owner="buy_products_methods">
<kw name="I accessed the store" owner="buy_products_methods">
<kw name="Go To" owner="SeleniumLibrary">
<msg time="2024-11-13T12:26:40.474124" level="INFO">Opening url 'https://automationexercise.com/'</msg>
<arg>${URL_store}</arg>
<doc>Navigates the current browser window to the provided ``url``.</doc>
<status status="PASS" start="2024-11-13T12:26:40.474124" elapsed="0.783333"/>
</kw>
<kw name="Click Button" owner="SeleniumLibrary">
<msg time="2024-11-13T12:26:41.259452" level="INFO">Clicking button '//button[@class='fc-button fc-cta-consent fc-primary-button'][contains(.,'Consent')]'.</msg>
<arg>${btn_consent}</arg>
<doc>Clicks the button identified by ``locator``.</doc>
<status status="PASS" start="2024-11-13T12:26:41.257457" elapsed="1.362260"/>
</kw>
<status status="PASS" start="2024-11-13T12:26:40.471967" elapsed="2.147750"/>
</kw>
<kw name="I navigate to the Products page" owner="buy_products_methods">
<kw name="Click Element" owner="SeleniumLibrary">
<msg time="2024-11-13T12:26:42.622206" level="INFO">Clicking element '//a[contains(.,' Products')]'.</msg>
<arg>${menu_products}</arg>
<doc>Click the element identified by ``locator``.</doc>
<status status="PASS" start="2024-11-13T12:26:42.622206" elapsed="2.978229"/>
</kw>
<status status="PASS" start="2024-11-13T12:26:42.619717" elapsed="2.980718"/>
</kw>
<kw name=" I search the &quot;shirts&quot;" owner="buy_products_methods">
<kw name="Input Text" owner="SeleniumLibrary">
<msg time="2024-11-13T12:26:45.602931" level="INFO">Typing text 'shirts' into text field '//input[@type='text'][contains(@id,'product')]'.</msg>
<arg>${txt_search_product}</arg>
<arg>shirts</arg>
<doc>Types the given ``text`` into the text field identified by ``locator``.</doc>
<status status="PASS" start="2024-11-13T12:26:45.602931" elapsed="0.651728"/>
</kw>
<kw name="Click Button" owner="SeleniumLibrary">
<msg time="2024-11-13T12:26:46.255578" level="INFO">Clicking button '//button[@type='button'][contains(@id,'search')]'.</msg>
<arg>${btn_search}</arg>
<doc>Clicks the button identified by ``locator``.</doc>
<status status="PASS" start="2024-11-13T12:26:46.255578" elapsed="1.725593"/>
</kw>
<status status="PASS" start="2024-11-13T12:26:45.600435" elapsed="2.380736"/>
</kw>
<kw name="The products are visible" owner="buy_products_methods">
<kw name="Execute Javascript" owner="SeleniumLibrary">
<msg time="2024-11-13T12:26:47.982171" level="INFO">Executing JavaScript:
window.scrollTo(0,600)
Without any arguments.</msg>
<arg>window.scrollTo(0,600)</arg>
<doc>Executes the given JavaScript code with possible arguments.</doc>
<status status="PASS" start="2024-11-13T12:26:47.982171" elapsed="0.015681"/>
</kw>
<kw name="Wait Until Element Is Visible" owner="SeleniumLibrary">
<arg>${product}</arg>
<doc>Waits until the element ``locator`` is visible.</doc>
<status status="PASS" start="2024-11-13T12:26:47.997852" elapsed="0.139661"/>
</kw>
<kw name="Element Should Be Visible" owner="SeleniumLibrary">
<msg time="2024-11-13T12:26:48.180501" level="INFO">Element '(//div[contains(@class,'productinfo text-center')])[1]' is displayed.</msg>
<arg>${product}</arg>
<doc>Verifies that the element identified by ``locator`` is visible.</doc>
<status status="PASS" start="2024-11-13T12:26:48.137513" elapsed="0.042988"/>
</kw>
<kw name="Take Screenshot" owner="Screenshot">
<msg time="2024-11-13T12:26:48.282138" level="INFO" html="true">&lt;a href="screenshot_2.jpg"&gt;&lt;img src="screenshot_2.jpg" width="800px"&gt;&lt;/a&gt;</msg>
<doc>Takes a screenshot in JPEG format and embeds it into the log file.</doc>
<status status="PASS" start="2024-11-13T12:26:48.180501" elapsed="0.101637"/>
</kw>
<status status="PASS" start="2024-11-13T12:26:47.981171" elapsed="0.301964"/>
</kw>
<status status="PASS" start="2024-11-13T12:26:40.470456" elapsed="7.812679"/>
</kw>
<kw name="When I click on cart button" owner="buy_products_methods">
<kw name="Wait Until Element Is Visible" owner="SeleniumLibrary">
<arg>${product}</arg>
<arg>3</arg>
<doc>Waits until the element ``locator`` is visible.</doc>
<status status="PASS" start="2024-11-13T12:26:48.284644" elapsed="0.048900"/>
</kw>
<kw name="Mouse Over" owner="SeleniumLibrary">
<msg time="2024-11-13T12:26:48.334541" level="INFO">Simulating Mouse Over on element '(//div[contains(@class,'productinfo text-center')])[1]'.</msg>
<arg>${product}</arg>
<doc>Simulates hovering the mouse over the element ``locator``.</doc>
<status status="PASS" start="2024-11-13T12:26:48.333544" elapsed="0.310965"/>
</kw>
<kw name="Take Screenshot" owner="Screenshot">
<msg time="2024-11-13T12:26:48.730042" level="INFO" html="true">&lt;a href="screenshot_3.jpg"&gt;&lt;img src="screenshot_3.jpg" width="800px"&gt;&lt;/a&gt;</msg>
<doc>Takes a screenshot in JPEG format and embeds it into the log file.</doc>
<status status="PASS" start="2024-11-13T12:26:48.644509" elapsed="0.085533"/>
</kw>
<kw name="Wait Until Element Is Visible" owner="SeleniumLibrary">
<arg>${btn_add_cart}</arg>
<doc>Waits until the element ``locator`` is visible.</doc>
<status status="PASS" start="2024-11-13T12:26:48.730042" elapsed="0.041291"/>
</kw>
<kw name="Click Element" owner="SeleniumLibrary">
<msg time="2024-11-13T12:26:48.772182" level="INFO">Clicking element '(//a[@data-product-id='2'][contains(.,'Add to cart')])[2]'.</msg>
<arg>${btn_add_cart}</arg>
<doc>Click the element identified by ``locator``.</doc>
<status status="PASS" start="2024-11-13T12:26:48.771333" elapsed="0.096790"/>
</kw>
<kw name="Wait Until Element Is Visible" owner="SeleniumLibrary">
<arg>${btn_continue_shopping}</arg>
<doc>Waits until the element ``locator`` is visible.</doc>
<status status="PASS" start="2024-11-13T12:26:48.868123" elapsed="0.265581"/>
</kw>
<kw name="Click Element" owner="SeleniumLibrary">
<msg time="2024-11-13T12:26:49.134711" level="INFO">Clicking element '//button[@class='btn btn-success close-modal btn-block'][contains(.,'Continue Shopping')]'.</msg>
<arg>${btn_continue_shopping}</arg>
<doc>Click the element identified by ``locator``.</doc>
<status status="PASS" start="2024-11-13T12:26:49.134711" elapsed="0.057764"/>
</kw>
<kw name="Mouse Over" owner="SeleniumLibrary">
<msg time="2024-11-13T12:26:49.192475" level="INFO">Simulating Mouse Over on element '(//div[contains(@class,'productinfo text-center')])[1]'.</msg>
<arg>${product}</arg>
<doc>Simulates hovering the mouse over the element ``locator``.</doc>
<status status="PASS" start="2024-11-13T12:26:49.192475" elapsed="0.279502"/>
</kw>
<kw name="Take Screenshot" owner="Screenshot">
<msg time="2024-11-13T12:26:49.549523" level="INFO" html="true">&lt;a href="screenshot_4.jpg"&gt;&lt;img src="screenshot_4.jpg" width="800px"&gt;&lt;/a&gt;</msg>
<doc>Takes a screenshot in JPEG format and embeds it into the log file.</doc>
<status status="PASS" start="2024-11-13T12:26:49.471977" elapsed="0.077546"/>
</kw>
<kw name="Wait Until Element Is Visible" owner="SeleniumLibrary">
<arg>${btn_add_cart}</arg>
<doc>Waits until the element ``locator`` is visible.</doc>
<status status="PASS" start="2024-11-13T12:26:49.549523" elapsed="0.024998"/>
</kw>
<kw name="Click Element" owner="SeleniumLibrary">
<msg time="2024-11-13T12:26:49.574521" level="INFO">Clicking element '(//a[@data-product-id='2'][contains(.,'Add to cart')])[2]'.</msg>
<arg>${btn_add_cart}</arg>
<doc>Click the element identified by ``locator``.</doc>
<status status="PASS" start="2024-11-13T12:26:49.574521" elapsed="0.056478"/>
</kw>
<kw name="Wait Until Element Is Visible" owner="SeleniumLibrary">
<arg>${btn_view_cart}</arg>
<doc>Waits until the element ``locator`` is visible.</doc>
<status status="PASS" start="2024-11-13T12:26:49.630999" elapsed="0.245731"/>
</kw>
<kw name="Click Element" owner="SeleniumLibrary">
<msg time="2024-11-13T12:26:49.876730" level="INFO">Clicking element '//u[contains(.,'View Cart')]'.</msg>
<arg>${btn_view_cart}</arg>
<doc>Click the element identified by ``locator``.</doc>
<status status="PASS" start="2024-11-13T12:26:49.876730" elapsed="3.130062"/>
</kw>
<status status="PASS" start="2024-11-13T12:26:48.283135" elapsed="4.723657"/>
</kw>
<kw name="Then The products are visible in the cart" owner="buy_products_methods">
<kw name="Element Should Be Visible" owner="SeleniumLibrary">
<msg time="2024-11-13T12:26:53.044513" level="INFO">Element '//a[contains(.,'Men Tshirt')]' is displayed.</msg>
<arg>${product_ordered}</arg>
<doc>Verifies that the element identified by ``locator`` is visible.</doc>
<status status="PASS" start="2024-11-13T12:26:53.008792" elapsed="0.035721"/>
</kw>
<status status="PASS" start="2024-11-13T12:26:53.007800" elapsed="0.036713"/>
</kw>
<kw name="Close the browser" owner="browser_methods" type="TEARDOWN">
<kw name="Close Browser" owner="SeleniumLibrary">
<doc>Closes the current browser.</doc>
<status status="PASS" start="2024-11-13T12:26:53.046059" elapsed="2.296654"/>
</kw>
<status status="PASS" start="2024-11-13T12:26:53.046059" elapsed="2.296654"/>
</kw>
<doc>As a normal user
I want to access the online store
In order to add products in the cart</doc>
<tag>add_cart</tag>
<status status="PASS" start="2024-11-13T12:26:38.284896" elapsed="17.059833"/>
</test>
<test id="s1-s1-t3" name=" Feature 3 - Login" line="34">
<kw name="Open the browser" owner="browser_methods" type="SETUP">
<kw name="Open Browser" owner="SeleniumLibrary">
<msg time="2024-11-13T12:26:55.349935" level="INFO">Opening browser 'chrome' to base url 'None'.</msg>
<arg>browser=chrome</arg>
<arg>options=add_argument("--disable-search-engine-choice-screen")</arg>
<doc>Opens a new browser instance to the optional ``url``.</doc>
<status status="PASS" start="2024-11-13T12:26:55.349935" elapsed="1.887662"/>
</kw>
<kw name="Maximize Browser Window" owner="SeleniumLibrary">
<doc>Maximizes current browser window.</doc>
<status status="PASS" start="2024-11-13T12:26:57.252973" elapsed="0.049050"/>
</kw>
<status status="PASS" start="2024-11-13T12:26:55.349935" elapsed="1.952088"/>
</kw>
<kw name="Given I added the products to cart" owner="buy_products_methods">
<kw name="I selected the &quot;shirts&quot;" owner="buy_products_methods">
<kw name="I accessed the store" owner="buy_products_methods">
<kw name="Go To" owner="SeleniumLibrary">
<msg time="2024-11-13T12:26:57.309447" level="INFO">Opening url 'https://automationexercise.com/'</msg>
<arg>${URL_store}</arg>
<doc>Navigates the current browser window to the provided ``url``.</doc>
<status status="PASS" start="2024-11-13T12:26:57.309447" elapsed="0.851952"/>
</kw>
<kw name="Click Button" owner="SeleniumLibrary">
<msg time="2024-11-13T12:26:58.162394" level="INFO">Clicking button '//button[@class='fc-button fc-cta-consent fc-primary-button'][contains(.,'Consent')]'.</msg>
<arg>${btn_consent}</arg>
<doc>Clicks the button identified by ``locator``.</doc>
<status status="PASS" start="2024-11-13T12:26:58.161399" elapsed="1.389561"/>
</kw>
<status status="PASS" start="2024-11-13T12:26:57.307452" elapsed="2.243508"/>
</kw>
<kw name="I navigate to the Products page" owner="buy_products_methods">
<kw name="Click Element" owner="SeleniumLibrary">
<msg time="2024-11-13T12:26:59.552593" level="INFO">Clicking element '//a[contains(.,' Products')]'.</msg>
<arg>${menu_products}</arg>
<doc>Click the element identified by ``locator``.</doc>
<status status="PASS" start="2024-11-13T12:26:59.551960" elapsed="1.616998"/>
</kw>
<status status="PASS" start="2024-11-13T12:26:59.551960" elapsed="1.616998"/>
</kw>
<kw name=" I search the &quot;shirts&quot;" owner="buy_products_methods">
<kw name="Input Text" owner="SeleniumLibrary">
<msg time="2024-11-13T12:27:01.171585" level="INFO">Typing text 'shirts' into text field '//input[@type='text'][contains(@id,'product')]'.</msg>
<arg>${txt_search_product}</arg>
<arg>shirts</arg>
<doc>Types the given ``text`` into the text field identified by ``locator``.</doc>
<status status="PASS" start="2024-11-13T12:27:01.170392" elapsed="1.608680"/>
</kw>
<kw name="Click Button" owner="SeleniumLibrary">
<msg time="2024-11-13T12:27:02.780068" level="INFO">Clicking button '//button[@type='button'][contains(@id,'search')]'.</msg>
<arg>${btn_search}</arg>
<doc>Clicks the button identified by ``locator``.</doc>
<status status="PASS" start="2024-11-13T12:27:02.779072" elapsed="2.164187"/>
</kw>
<status status="PASS" start="2024-11-13T12:27:01.169956" elapsed="3.773303"/>
</kw>
<kw name="The products are visible" owner="buy_products_methods">
<kw name="Execute Javascript" owner="SeleniumLibrary">
<msg time="2024-11-13T12:27:04.945800" level="INFO">Executing JavaScript:
window.scrollTo(0,600)
Without any arguments.</msg>
<arg>window.scrollTo(0,600)</arg>
<doc>Executes the given JavaScript code with possible arguments.</doc>
<status status="PASS" start="2024-11-13T12:27:04.944770" elapsed="0.064871"/>
</kw>
<kw name="Wait Until Element Is Visible" owner="SeleniumLibrary">
<arg>${product}</arg>
<doc>Waits until the element ``locator`` is visible.</doc>
<status status="PASS" start="2024-11-13T12:27:05.010638" elapsed="0.220525"/>
</kw>
<kw name="Element Should Be Visible" owner="SeleniumLibrary">
<msg time="2024-11-13T12:27:05.264844" level="INFO">Element '(//div[contains(@class,'productinfo text-center')])[1]' is displayed.</msg>
<arg>${product}</arg>
<doc>Verifies that the element identified by ``locator`` is visible.</doc>
<status status="PASS" start="2024-11-13T12:27:05.232160" elapsed="0.032684"/>
</kw>
<kw name="Take Screenshot" owner="Screenshot">
<msg time="2024-11-13T12:27:05.354410" level="INFO" html="true">&lt;a href="screenshot_5.jpg"&gt;&lt;img src="screenshot_5.jpg" width="800px"&gt;&lt;/a&gt;</msg>
<doc>Takes a screenshot in JPEG format and embeds it into the log file.</doc>
<status status="PASS" start="2024-11-13T12:27:05.265351" elapsed="0.089059"/>
</kw>
<status status="PASS" start="2024-11-13T12:27:04.943259" elapsed="0.412174"/>
</kw>
<status status="PASS" start="2024-11-13T12:26:57.307452" elapsed="8.048977"/>
</kw>
<kw name="I click on cart button" owner="buy_products_methods">
<kw name="Wait Until Element Is Visible" owner="SeleniumLibrary">
<arg>${product}</arg>
<arg>3</arg>
<doc>Waits until the element ``locator`` is visible.</doc>
<status status="PASS" start="2024-11-13T12:27:05.357468" elapsed="0.025650"/>
</kw>
<kw name="Mouse Over" owner="SeleniumLibrary">
<msg time="2024-11-13T12:27:05.383640" level="INFO">Simulating Mouse Over on element '(//div[contains(@class,'productinfo text-center')])[1]'.</msg>
<arg>${product}</arg>
<doc>Simulates hovering the mouse over the element ``locator``.</doc>
<status status="PASS" start="2024-11-13T12:27:05.383640" elapsed="0.291172"/>
</kw>
<kw name="Take Screenshot" owner="Screenshot">
<msg time="2024-11-13T12:27:05.760808" level="INFO" html="true">&lt;a href="screenshot_6.jpg"&gt;&lt;img src="screenshot_6.jpg" width="800px"&gt;&lt;/a&gt;</msg>
<doc>Takes a screenshot in JPEG format and embeds it into the log file.</doc>
<status status="PASS" start="2024-11-13T12:27:05.677314" elapsed="0.083494"/>
</kw>
<kw name="Wait Until Element Is Visible" owner="SeleniumLibrary">
<arg>${btn_add_cart}</arg>
<doc>Waits until the element ``locator`` is visible.</doc>
<status status="PASS" start="2024-11-13T12:27:05.760808" elapsed="0.034410"/>
</kw>
<kw name="Click Element" owner="SeleniumLibrary">
<msg time="2024-11-13T12:27:05.795218" level="INFO">Clicking element '(//a[@data-product-id='2'][contains(.,'Add to cart')])[2]'.</msg>
<arg>${btn_add_cart}</arg>
<doc>Click the element identified by ``locator``.</doc>
<status status="PASS" start="2024-11-13T12:27:05.795218" elapsed="0.082306"/>
</kw>
<kw name="Wait Until Element Is Visible" owner="SeleniumLibrary">
<arg>${btn_continue_shopping}</arg>
<doc>Waits until the element ``locator`` is visible.</doc>
<status status="PASS" start="2024-11-13T12:27:05.877524" elapsed="0.468834"/>
</kw>
<kw name="Click Element" owner="SeleniumLibrary">
<msg time="2024-11-13T12:27:06.346358" level="INFO">Clicking element '//button[@class='btn btn-success close-modal btn-block'][contains(.,'Continue Shopping')]'.</msg>
<arg>${btn_continue_shopping}</arg>
<doc>Click the element identified by ``locator``.</doc>
<status status="PASS" start="2024-11-13T12:27:06.346358" elapsed="0.053497"/>
</kw>
<kw name="Mouse Over" owner="SeleniumLibrary">
<msg time="2024-11-13T12:27:06.402351" level="INFO">Simulating Mouse Over on element '(//div[contains(@class,'productinfo text-center')])[1]'.</msg>
<arg>${product}</arg>
<doc>Simulates hovering the mouse over the element ``locator``.</doc>
<status status="PASS" start="2024-11-13T12:27:06.402351" elapsed="0.286428"/>
</kw>
<kw name="Take Screenshot" owner="Screenshot">
<msg time="2024-11-13T12:27:06.761222" level="INFO" html="true">&lt;a href="screenshot_7.jpg"&gt;&lt;img src="screenshot_7.jpg" width="800px"&gt;&lt;/a&gt;</msg>
<doc>Takes a screenshot in JPEG format and embeds it into the log file.</doc>
<status status="PASS" start="2024-11-13T12:27:06.691274" elapsed="0.069948"/>
</kw>
<kw name="Wait Until Element Is Visible" owner="SeleniumLibrary">
<arg>${btn_add_cart}</arg>
<doc>Waits until the element ``locator`` is visible.</doc>
<status status="PASS" start="2024-11-13T12:27:06.761222" elapsed="0.016142"/>
</kw>
<kw name="Click Element" owner="SeleniumLibrary">
<msg time="2024-11-13T12:27:06.777364" level="INFO">Clicking element '(//a[@data-product-id='2'][contains(.,'Add to cart')])[2]'.</msg>
<arg>${btn_add_cart}</arg>
<doc>Click the element identified by ``locator``.</doc>
<status status="PASS" start="2024-11-13T12:27:06.777364" elapsed="0.038464"/>
</kw>
<kw name="Wait Until Element Is Visible" owner="SeleniumLibrary">
<arg>${btn_view_cart}</arg>
<doc>Waits until the element ``locator`` is visible.</doc>
<status status="PASS" start="2024-11-13T12:27:06.815828" elapsed="0.243948"/>
</kw>
<kw name="Click Element" owner="SeleniumLibrary">
<msg time="2024-11-13T12:27:07.059776" level="INFO">Clicking element '//u[contains(.,'View Cart')]'.</msg>
<arg>${btn_view_cart}</arg>
<doc>Click the element identified by ``locator``.</doc>
<status status="PASS" start="2024-11-13T12:27:07.059776" elapsed="1.857132"/>
</kw>
<status status="PASS" start="2024-11-13T12:27:05.356429" elapsed="3.561484"/>
</kw>
<kw name="The products are visible in the cart" owner="buy_products_methods">
<kw name="Element Should Be Visible" owner="SeleniumLibrary">
<msg time="2024-11-13T12:27:08.961950" level="INFO">Element '//a[contains(.,'Men Tshirt')]' is displayed.</msg>
<arg>${product_ordered}</arg>
<doc>Verifies that the element identified by ``locator`` is visible.</doc>
<status status="PASS" start="2024-11-13T12:27:08.917913" elapsed="0.044037"/>
</kw>
<status status="PASS" start="2024-11-13T12:27:08.917913" elapsed="0.044037"/>
</kw>
<status status="PASS" start="2024-11-13T12:26:57.302023" elapsed="11.660923"/>
</kw>
<kw name="When I click on Procceed to Checkout button" owner="buy_products_methods">
<kw name="Wait Until Element Is Visible" owner="SeleniumLibrary">
<arg>${btn_proceed_checkout}</arg>
<doc>Waits until the element ``locator`` is visible.</doc>
<status status="PASS" start="2024-11-13T12:27:08.962946" elapsed="0.106522"/>
</kw>
<kw name="Click Element" owner="SeleniumLibrary">
<msg time="2024-11-13T12:27:09.070693" level="INFO">Clicking element '//*[@id="do_action"]/div[1]/div/div/a'.</msg>
<arg>${btn_proceed_checkout}</arg>
<doc>Click the element identified by ``locator``.</doc>
<status status="PASS" start="2024-11-13T12:27:09.069468" elapsed="0.088382"/>
</kw>
<status status="PASS" start="2024-11-13T12:27:08.962946" elapsed="0.195902"/>
</kw>
<kw name="And I fill out the authentication data" owner="buy_products_methods">
<kw name="Click Element" owner="SeleniumLibrary">
<msg time="2024-11-13T12:27:09.159860" level="INFO">Clicking element '//u[contains(.,'Register / Login')]'.</msg>
<arg>${link_login}</arg>
<doc>Click the element identified by ``locator``.</doc>
<status status="PASS" start="2024-11-13T12:27:09.159860" elapsed="2.470936"/>
</kw>
<kw name="Input Text" owner="SeleniumLibrary">
<msg time="2024-11-13T12:27:11.632792" level="INFO">Typing text 'autexercise@email.com' into text field '//input[contains(@data-qa,'login-email')]'.</msg>
<arg>${txt_login}</arg>
<arg>${login.user}</arg>
<doc>Types the given ``text`` into the text field identified by ``locator``.</doc>
<status status="PASS" start="2024-11-13T12:27:11.631792" elapsed="0.407977"/>
</kw>
<kw name="Input Text" owner="SeleniumLibrary">
<msg time="2024-11-13T12:27:12.041762" level="INFO">Typing text 'testpass' into text field '//input[contains(@type,'password')]'.</msg>
<arg>${txt_pwd}</arg>
<arg>${login.pwd}</arg>
<doc>Types the given ``text`` into the text field identified by ``locator``.</doc>
<status status="PASS" start="2024-11-13T12:27:12.039769" elapsed="0.198394"/>
</kw>
<kw name="Click Button" owner="SeleniumLibrary">
<msg time="2024-11-13T12:27:12.239161" level="INFO">Clicking button '//button[@type='submit'][contains(.,'Login')]'.</msg>
<arg>${btn_login}</arg>
<doc>Clicks the button identified by ``locator``.</doc>
<status status="PASS" start="2024-11-13T12:27:12.238163" elapsed="1.991549"/>
</kw>
<status status="PASS" start="2024-11-13T12:27:09.158848" elapsed="5.070864"/>
</kw>
<kw name="Then The user is logged successfuly" owner="buy_products_methods">
<kw name="Take Screenshot" owner="Screenshot">
<msg time="2024-11-13T12:27:14.347074" level="INFO" html="true">&lt;a href="screenshot_8.jpg"&gt;&lt;img src="screenshot_8.jpg" width="800px"&gt;&lt;/a&gt;</msg>
<doc>Takes a screenshot in JPEG format and embeds it into the log file.</doc>
<status status="PASS" start="2024-11-13T12:27:14.230462" elapsed="0.117609"/>
</kw>
<kw name="Element Should Be Visible" owner="SeleniumLibrary">
<msg time="2024-11-13T12:27:14.383409" level="INFO">Element '//b[contains(.,'autexercise')]' is displayed.</msg>
<arg>${user_loged}</arg>
<doc>Verifies that the element identified by ``locator`` is visible.</doc>
<status status="PASS" start="2024-11-13T12:27:14.348071" elapsed="0.035338"/>
</kw>
<status status="PASS" start="2024-11-13T12:27:14.230462" elapsed="0.152947"/>
</kw>
<kw name="Close the browser" owner="browser_methods" type="TEARDOWN">
<kw name="Close Browser" owner="SeleniumLibrary">
<doc>Closes the current browser.</doc>
<status status="PASS" start="2024-11-13T12:27:14.384908" elapsed="2.368108"/>
</kw>
<status status="PASS" start="2024-11-13T12:27:14.384404" elapsed="2.368612"/>
</kw>
<doc>As a normal user
I want to access the online store
In order to login in the online store to complete the order</doc>
<tag>login</tag>
<status status="PASS" start="2024-11-13T12:26:55.347431" elapsed="21.407215"/>
</test>
<test id="s1-s1-t4" name=" Feature 4 - Pay and confirm purchase" line="45">
<kw name="Open the browser" owner="browser_methods" type="SETUP">
<kw name="Open Browser" owner="SeleniumLibrary">
<msg time="2024-11-13T12:27:16.762122" level="INFO">Opening browser 'chrome' to base url 'None'.</msg>
<arg>browser=chrome</arg>
<arg>options=add_argument("--disable-search-engine-choice-screen")</arg>
<doc>Opens a new browser instance to the optional ``url``.</doc>
<status status="PASS" start="2024-11-13T12:27:16.762122" elapsed="1.905268"/>
</kw>
<kw name="Maximize Browser Window" owner="SeleniumLibrary">
<doc>Maximizes current browser window.</doc>
<status status="PASS" start="2024-11-13T12:27:18.667390" elapsed="0.044329"/>
</kw>
<status status="PASS" start="2024-11-13T12:27:16.760927" elapsed="1.950792"/>
</kw>
<kw name="Given I logged into the online store" owner="buy_products_methods">
<kw name=" I added the products to cart" owner="buy_products_methods">
<kw name="I selected the &quot;shirts&quot;" owner="buy_products_methods">
<kw name="I accessed the store" owner="buy_products_methods">
<kw name="Go To" owner="SeleniumLibrary">
<msg time="2024-11-13T12:27:18.714729" level="INFO">Opening url 'https://automationexercise.com/'</msg>
<arg>${URL_store}</arg>
<doc>Navigates the current browser window to the provided ``url``.</doc>
<status status="PASS" start="2024-11-13T12:27:18.714729" elapsed="1.948504"/>
</kw>
<kw name="Click Button" owner="SeleniumLibrary">
<msg time="2024-11-13T12:27:20.663233" level="INFO">Clicking button '//button[@class='fc-button fc-cta-consent fc-primary-button'][contains(.,'Consent')]'.</msg>
<arg>${btn_consent}</arg>
<doc>Clicks the button identified by ``locator``.</doc>
<status status="PASS" start="2024-11-13T12:27:20.663233" elapsed="0.208740"/>
</kw>
<status status="PASS" start="2024-11-13T12:27:18.714729" elapsed="2.157244"/>
</kw>
<kw name="I navigate to the Products page" owner="buy_products_methods">
<kw name="Click Element" owner="SeleniumLibrary">
<msg time="2024-11-13T12:27:20.873902" level="INFO">Clicking element '//a[contains(.,' Products')]'.</msg>
<arg>${menu_products}</arg>
<doc>Click the element identified by ``locator``.</doc>
<status status="PASS" start="2024-11-13T12:27:20.872976" elapsed="2.848584"/>
</kw>
<status status="PASS" start="2024-11-13T12:27:20.872976" elapsed="2.848584"/>
</kw>
<kw name=" I search the &quot;shirts&quot;" owner="buy_products_methods">
<kw name="Input Text" owner="SeleniumLibrary">
<msg time="2024-11-13T12:27:23.722696" level="INFO">Typing text 'shirts' into text field '//input[@type='text'][contains(@id,'product')]'.</msg>
<arg>${txt_search_product}</arg>
<arg>shirts</arg>
<doc>Types the given ``text`` into the text field identified by ``locator``.</doc>
<status status="PASS" start="2024-11-13T12:27:23.722696" elapsed="0.647065"/>
</kw>
<kw name="Click Button" owner="SeleniumLibrary">
<msg time="2024-11-13T12:27:24.371158" level="INFO">Clicking button '//button[@type='button'][contains(@id,'search')]'.</msg>
<arg>${btn_search}</arg>
<doc>Clicks the button identified by ``locator``.</doc>
<status status="PASS" start="2024-11-13T12:27:24.369761" elapsed="1.311479"/>
</kw>
<status status="PASS" start="2024-11-13T12:27:23.722382" elapsed="1.959855"/>
</kw>
<kw name="The products are visible" owner="buy_products_methods">
<kw name="Execute Javascript" owner="SeleniumLibrary">
<msg time="2024-11-13T12:27:25.683234" level="INFO">Executing JavaScript:
window.scrollTo(0,600)
Without any arguments.</msg>
<arg>window.scrollTo(0,600)</arg>
<doc>Executes the given JavaScript code with possible arguments.</doc>
<status status="PASS" start="2024-11-13T12:27:25.682237" elapsed="0.109772"/>
</kw>
<kw name="Wait Until Element Is Visible" owner="SeleniumLibrary">
<arg>${product}</arg>
<doc>Waits until the element ``locator`` is visible.</doc>
<status status="PASS" start="2024-11-13T12:27:25.792009" elapsed="0.279293"/>
</kw>
<kw name="Element Should Be Visible" owner="SeleniumLibrary">
<msg time="2024-11-13T12:27:26.101601" level="INFO">Element '(//div[contains(@class,'productinfo text-center')])[1]' is displayed.</msg>
<arg>${product}</arg>
<doc>Verifies that the element identified by ``locator`` is visible.</doc>
<status status="PASS" start="2024-11-13T12:27:26.072301" elapsed="0.029300"/>
</kw>
<kw name="Take Screenshot" owner="Screenshot">
<msg time="2024-11-13T12:27:26.214510" level="INFO" html="true">&lt;a href="screenshot_9.jpg"&gt;&lt;img src="screenshot_9.jpg" width="800px"&gt;&lt;/a&gt;</msg>
<doc>Takes a screenshot in JPEG format and embeds it into the log file.</doc>
<status status="PASS" start="2024-11-13T12:27:26.104612" elapsed="0.109898"/>
</kw>
<status status="PASS" start="2024-11-13T12:27:25.682237" elapsed="0.532273"/>
</kw>
<status status="PASS" start="2024-11-13T12:27:18.714729" elapsed="7.499781"/>
</kw>
<kw name="I click on cart button" owner="buy_products_methods">
<kw name="Wait Until Element Is Visible" owner="SeleniumLibrary">
<arg>${product}</arg>
<arg>3</arg>
<doc>Waits until the element ``locator`` is visible.</doc>
<status status="PASS" start="2024-11-13T12:27:26.215534" elapsed="0.042862"/>
</kw>
<kw name="Mouse Over" owner="SeleniumLibrary">
<msg time="2024-11-13T12:27:26.259393" level="INFO">Simulating Mouse Over on element '(//div[contains(@class,'productinfo text-center')])[1]'.</msg>
<arg>${product}</arg>
<doc>Simulates hovering the mouse over the element ``locator``.</doc>
<status status="PASS" start="2024-11-13T12:27:26.258396" elapsed="0.331241"/>
</kw>
<kw name="Take Screenshot" owner="Screenshot">
<msg time="2024-11-13T12:27:26.680420" level="INFO" html="true">&lt;a href="screenshot_10.jpg"&gt;&lt;img src="screenshot_10.jpg" width="800px"&gt;&lt;/a&gt;</msg>
<doc>Takes a screenshot in JPEG format and embeds it into the log file.</doc>
<status status="PASS" start="2024-11-13T12:27:26.590636" elapsed="0.089784"/>
</kw>
<kw name="Wait Until Element Is Visible" owner="SeleniumLibrary">
<arg>${btn_add_cart}</arg>
<doc>Waits until the element ``locator`` is visible.</doc>
<status status="PASS" start="2024-11-13T12:27:26.681419" elapsed="0.046866"/>
</kw>
<kw name="Click Element" owner="SeleniumLibrary">
<msg time="2024-11-13T12:27:26.729284" level="INFO">Clicking element '(//a[@data-product-id='2'][contains(.,'Add to cart')])[2]'.</msg>
<arg>${btn_add_cart}</arg>
<doc>Click the element identified by ``locator``.</doc>
<status status="PASS" start="2024-11-13T12:27:26.729284" elapsed="0.226327"/>
</kw>
<kw name="Wait Until Element Is Visible" owner="SeleniumLibrary">
<arg>${btn_continue_shopping}</arg>
<doc>Waits until the element ``locator`` is visible.</doc>
<status status="PASS" start="2024-11-13T12:27:26.955611" elapsed="0.300039"/>
</kw>
<kw name="Click Element" owner="SeleniumLibrary">
<msg time="2024-11-13T12:27:27.255650" level="INFO">Clicking element '//button[@class='btn btn-success close-modal btn-block'][contains(.,'Continue Shopping')]'.</msg>
<arg>${btn_continue_shopping}</arg>
<doc>Click the element identified by ``locator``.</doc>
<status status="PASS" start="2024-11-13T12:27:27.255650" elapsed="0.091684"/>
</kw>
<kw name="Mouse Over" owner="SeleniumLibrary">
<msg time="2024-11-13T12:27:27.347334" level="INFO">Simulating Mouse Over on element '(//div[contains(@class,'productinfo text-center')])[1]'.</msg>
<arg>${product}</arg>
<doc>Simulates hovering the mouse over the element ``locator``.</doc>
<status status="PASS" start="2024-11-13T12:27:27.347334" elapsed="0.291775"/>
</kw>
<kw name="Take Screenshot" owner="Screenshot">
<msg time="2024-11-13T12:27:27.720249" level="INFO" html="true">&lt;a href="screenshot_11.jpg"&gt;&lt;img src="screenshot_11.jpg" width="800px"&gt;&lt;/a&gt;</msg>
<doc>Takes a screenshot in JPEG format and embeds it into the log file.</doc>
<status status="PASS" start="2024-11-13T12:27:27.639109" elapsed="0.081140"/>
</kw>
<kw name="Wait Until Element Is Visible" owner="SeleniumLibrary">
<arg>${btn_add_cart}</arg>
<doc>Waits until the element ``locator`` is visible.</doc>
<status status="PASS" start="2024-11-13T12:27:27.720249" elapsed="0.025277"/>
</kw>
<kw name="Click Element" owner="SeleniumLibrary">
<msg time="2024-11-13T12:27:27.745526" level="INFO">Clicking element '(//a[@data-product-id='2'][contains(.,'Add to cart')])[2]'.</msg>
<arg>${btn_add_cart}</arg>
<doc>Click the element identified by ``locator``.</doc>
<status status="PASS" start="2024-11-13T12:27:27.745526" elapsed="0.071904"/>
</kw>
<kw name="Wait Until Element Is Visible" owner="SeleniumLibrary">
<arg>${btn_view_cart}</arg>
<doc>Waits until the element ``locator`` is visible.</doc>
<status status="PASS" start="2024-11-13T12:27:27.817430" elapsed="0.253028"/>
</kw>
<kw name="Click Element" owner="SeleniumLibrary">
<msg time="2024-11-13T12:27:28.071496" level="INFO">Clicking element '//u[contains(.,'View Cart')]'.</msg>
<arg>${btn_view_cart}</arg>
<doc>Click the element identified by ``locator``.</doc>
<status status="PASS" start="2024-11-13T12:27:28.070458" elapsed="0.984731"/>
</kw>
<status status="PASS" start="2024-11-13T12:27:26.215534" elapsed="2.841665"/>
</kw>
<kw name="The products are visible in the cart" owner="buy_products_methods">
<kw name="Element Should Be Visible" owner="SeleniumLibrary">
<msg time="2024-11-13T12:27:29.144437" level="INFO">Element '//a[contains(.,'Men Tshirt')]' is displayed.</msg>
<arg>${product_ordered}</arg>
<doc>Verifies that the element identified by ``locator`` is visible.</doc>
<status status="PASS" start="2024-11-13T12:27:29.057199" elapsed="0.087238"/>
</kw>
<status status="PASS" start="2024-11-13T12:27:29.057199" elapsed="0.087238"/>
</kw>
<status status="PASS" start="2024-11-13T12:27:18.711719" elapsed="10.432718"/>
</kw>
<kw name=" I click on Procceed to Checkout button" owner="buy_products_methods">
<kw name="Wait Until Element Is Visible" owner="SeleniumLibrary">
<arg>${btn_proceed_checkout}</arg>
<doc>Waits until the element ``locator`` is visible.</doc>
<status status="PASS" start="2024-11-13T12:27:29.144437" elapsed="0.027855"/>
</kw>
<kw name="Click Element" owner="SeleniumLibrary">
<msg time="2024-11-13T12:27:29.172292" level="INFO">Clicking element '//*[@id="do_action"]/div[1]/div/div/a'.</msg>
<arg>${btn_proceed_checkout}</arg>
<doc>Click the element identified by ``locator``.</doc>
<status status="PASS" start="2024-11-13T12:27:29.172292" elapsed="0.077850"/>
</kw>
<status status="PASS" start="2024-11-13T12:27:29.144437" elapsed="0.105705"/>
</kw>
<kw name="I fill out the authentication data" owner="buy_products_methods">
<kw name="Click Element" owner="SeleniumLibrary">
<msg time="2024-11-13T12:27:29.250835" level="INFO">Clicking element '//u[contains(.,'Register / Login')]'.</msg>
<arg>${link_login}</arg>
<doc>Click the element identified by ``locator``.</doc>
<status status="PASS" start="2024-11-13T12:27:29.250835" elapsed="3.038675"/>
</kw>
<kw name="Input Text" owner="SeleniumLibrary">
<msg time="2024-11-13T12:27:32.291549" level="INFO">Typing text 'autexercise@email.com' into text field '//input[contains(@data-qa,'login-email')]'.</msg>
<arg>${txt_login}</arg>
<arg>${login.user}</arg>
<doc>Types the given ``text`` into the text field identified by ``locator``.</doc>
<status status="PASS" start="2024-11-13T12:27:32.289510" elapsed="0.289951"/>
</kw>
<kw name="Input Text" owner="SeleniumLibrary">
<msg time="2024-11-13T12:27:32.581456" level="INFO">Typing text 'testpass' into text field '//input[contains(@type,'password')]'.</msg>
<arg>${txt_pwd}</arg>
<arg>${login.pwd}</arg>
<doc>Types the given ``text`` into the text field identified by ``locator``.</doc>
<status status="PASS" start="2024-11-13T12:27:32.580459" elapsed="0.177003"/>
</kw>
<kw name="Click Button" owner="SeleniumLibrary">
<msg time="2024-11-13T12:27:32.757462" level="INFO">Clicking button '//button[@type='submit'][contains(.,'Login')]'.</msg>
<arg>${btn_login}</arg>
<doc>Clicks the button identified by ``locator``.</doc>
<status status="PASS" start="2024-11-13T12:27:32.757462" elapsed="1.607218"/>
</kw>
<status status="PASS" start="2024-11-13T12:27:29.250835" elapsed="5.114876"/>
</kw>
<kw name="The user is logged successfuly" owner="buy_products_methods">
<kw name="Take Screenshot" owner="Screenshot">
<msg time="2024-11-13T12:27:34.458434" level="INFO" html="true">&lt;a href="screenshot_12.jpg"&gt;&lt;img src="screenshot_12.jpg" width="800px"&gt;&lt;/a&gt;</msg>
<doc>Takes a screenshot in JPEG format and embeds it into the log file.</doc>
<status status="PASS" start="2024-11-13T12:27:34.366554" elapsed="0.091880"/>
</kw>
<kw name="Element Should Be Visible" owner="SeleniumLibrary">
<msg time="2024-11-13T12:27:34.504784" level="INFO">Element '//b[contains(.,'autexercise')]' is displayed.</msg>
<arg>${user_loged}</arg>
<doc>Verifies that the element identified by ``locator`` is visible.</doc>
<status status="PASS" start="2024-11-13T12:27:34.458434" elapsed="0.046350"/>
</kw>
<status status="PASS" start="2024-11-13T12:27:34.365711" elapsed="0.139073"/>
</kw>
<status status="PASS" start="2024-11-13T12:27:18.711719" elapsed="15.793065"/>
</kw>
<kw name="And I clicked on Place Order button" owner="buy_products_methods">
<kw name="Click Link" owner="SeleniumLibrary">
<msg time="2024-11-13T12:27:34.504784" level="INFO">Clicking link '//*[@id="header"]/div/div/div/div[2]/div/ul/li[3]/a'.</msg>
<arg>${cart_menu}</arg>
<doc>Clicks a link identified by ``locator``.</doc>
<status status="PASS" start="2024-11-13T12:27:34.504784" elapsed="1.087200"/>
</kw>
<kw name="Click Link" owner="SeleniumLibrary">
<msg time="2024-11-13T12:27:35.591984" level="INFO">Clicking link '//*[@id="do_action"]/div[1]/div/div/a'.</msg>
<arg>${btn_proceed_checkout}</arg>
<doc>Clicks a link identified by ``locator``.</doc>
<status status="PASS" start="2024-11-13T12:27:35.591984" elapsed="3.063515"/>
</kw>
<kw name="Execute Javascript" owner="SeleniumLibrary">
<msg time="2024-11-13T12:27:38.656597" level="INFO">Executing JavaScript:
window.scrollTo(0,800)
Without any arguments.</msg>
<arg>window.scrollTo(0,800)</arg>
<doc>Executes the given JavaScript code with possible arguments.</doc>
<status status="PASS" start="2024-11-13T12:27:38.655499" elapsed="0.042182"/>
</kw>
<kw name="Wait Until Element Is Visible" owner="SeleniumLibrary">
<arg>${btn_place_order}</arg>
<doc>Waits until the element ``locator`` is visible.</doc>
<status status="PASS" start="2024-11-13T12:27:38.697681" elapsed="0.112411"/>
</kw>
<kw name="Click Element" owner="SeleniumLibrary">
<msg time="2024-11-13T12:27:38.811093" level="INFO">Clicking element '//a[contains(@class,'btn btn-default check_out')]'.</msg>
<arg>${btn_place_order}</arg>
<doc>Click the element identified by ``locator``.</doc>
<status status="PASS" start="2024-11-13T12:27:38.811093" elapsed="1.730027"/>
</kw>
<status status="PASS" start="2024-11-13T12:27:34.504784" elapsed="6.036336"/>
</kw>
<kw name="When I fill the card information" owner="buy_products_methods">
<kw name="Input Text" owner="SeleniumLibrary">
<msg time="2024-11-13T12:27:40.543616" level="INFO">Typing text 'Joana Martins CaseTest' into text field '//input[@class='form-control']'.</msg>
<arg>${txt_card_name}</arg>
<arg>Joana Martins CaseTest</arg>
<doc>Types the given ``text`` into the text field identified by ``locator``.</doc>
<status status="PASS" start="2024-11-13T12:27:40.543616" elapsed="0.413584"/>
</kw>
<kw name="Input Text" owner="SeleniumLibrary">
<msg time="2024-11-13T12:27:40.957200" level="INFO">Typing text '5544 5352 3550 2249' into text field '//*[@id="payment-form"]/div[2]/div/input'.</msg>
<arg>${txt_card_number}</arg>
<arg>5544 5352 3550 2249</arg>
<doc>Types the given ``text`` into the text field identified by ``locator``.</doc>
<status status="PASS" start="2024-11-13T12:27:40.957200" elapsed="0.284990"/>
</kw>
<kw name="Input Text" owner="SeleniumLibrary">
<msg time="2024-11-13T12:27:41.244687" level="INFO">Typing text '124' into text field '//*[@id="payment-form"]/div[3]/div[1]/input'.</msg>
<arg>${txt_card_cvc}</arg>
<arg>124</arg>
<doc>Types the given ``text`` into the text field identified by ``locator``.</doc>
<status status="PASS" start="2024-11-13T12:27:41.242190" elapsed="0.167965"/>
</kw>
<kw name="Input Text" owner="SeleniumLibrary">
<msg time="2024-11-13T12:27:41.410155" level="INFO">Typing text '13' into text field '//*[@id="payment-form"]/div[3]/div[2]/input'.</msg>
<arg>${txt_card_expiration}</arg>
<arg>13</arg>
<doc>Types the given ``text`` into the text field identified by ``locator``.</doc>
<status status="PASS" start="2024-11-13T12:27:41.410155" elapsed="0.150728"/>
</kw>
<kw name="Input Text" owner="SeleniumLibrary">
<msg time="2024-11-13T12:27:41.560883" level="INFO">Typing text '2025' into text field '//*[@id="payment-form"]/div[3]/div[3]/input'.</msg>
<arg>${txt_card_year}</arg>
<arg>2025</arg>
<doc>Types the given ``text`` into the text field identified by ``locator``.</doc>
<status status="PASS" start="2024-11-13T12:27:41.560883" elapsed="0.160159"/>
</kw>
<status status="PASS" start="2024-11-13T12:27:40.541120" elapsed="1.179922"/>
</kw>
<kw name="And I click on Confirm button" owner="buy_products_methods">
<kw name="Execute Javascript" owner="SeleniumLibrary">
<msg time="2024-11-13T12:27:41.724583" level="INFO">Executing JavaScript:
window.scrollTo(0,700)
Without any arguments.</msg>
<arg>window.scrollTo(0,700)</arg>
<doc>Executes the given JavaScript code with possible arguments.</doc>
<status status="PASS" start="2024-11-13T12:27:41.724583" elapsed="0.008305"/>
</kw>
<kw name="Click Button" owner="SeleniumLibrary">
<msg time="2024-11-13T12:27:41.734398" level="INFO">Clicking button '//*[@id="submit"]'.</msg>
<arg>${btn_confirm_order}</arg>
<doc>Clicks the button identified by ``locator``.</doc>
<status status="PASS" start="2024-11-13T12:27:41.732888" elapsed="4.296499"/>
</kw>
<status status="PASS" start="2024-11-13T12:27:41.724051" elapsed="4.305336"/>
</kw>
<kw name="Then The order is completed successfuly" owner="buy_products_methods">
<kw name="Element Should Be Visible" owner="SeleniumLibrary">
<msg time="2024-11-13T12:27:46.228062" level="INFO">Element '//b[contains(.,'Order Placed!')]' is displayed.</msg>
<arg>${text_order_placed}</arg>
<doc>Verifies that the element identified by ``locator`` is visible.</doc>
<status status="PASS" start="2024-11-13T12:27:46.032624" elapsed="0.195438"/>
</kw>
<kw name="Take Screenshot" owner="Screenshot">
<msg time="2024-11-13T12:27:46.346088" level="INFO" html="true">&lt;a href="screenshot_13.jpg"&gt;&lt;img src="screenshot_13.jpg" width="800px"&gt;&lt;/a&gt;</msg>
<doc>Takes a screenshot in JPEG format and embeds it into the log file.</doc>
<status status="PASS" start="2024-11-13T12:27:46.229574" elapsed="0.116514"/>
</kw>
<status status="PASS" start="2024-11-13T12:27:46.032624" elapsed="0.314468"/>
</kw>
<kw name="Close the browser" owner="browser_methods" type="TEARDOWN">
<kw name="Close Browser" owner="SeleniumLibrary">
<doc>Closes the current browser.</doc>
<status status="PASS" start="2024-11-13T12:27:46.349288" elapsed="2.611012"/>
</kw>
<status status="PASS" start="2024-11-13T12:27:46.348289" elapsed="2.612011"/>
</kw>
<doc>As a normal user
I want to access the online store
In order complete the purchase</doc>
<tag>complete_order</tag>
<status status="PASS" start="2024-11-13T12:27:16.758700" elapsed="32.201600"/>
</test>
<doc>This set of tests aims to test the navigation of an online store and purchase a product</doc>
<status status="PASS" start="2024-11-13T12:26:26.699428" elapsed="82.263034"/>
</suite>
<status status="PASS" start="2024-11-13T12:26:26.669772" elapsed="82.292690"/>
</suite>
<statistics>
<total>
<stat pass="4" fail="0" skip="0">All Tests</stat>
</total>
<tag>
<stat pass="1" fail="0" skip="0">add_cart</stat>
<stat pass="1" fail="0" skip="0">complete_order</stat>
<stat pass="1" fail="0" skip="0">login</stat>
<stat pass="1" fail="0" skip="0">search_products</stat>
</tag>
<suite>
<stat pass="4" fail="0" skip="0" id="s1" name="Features Keywords">Features Keywords</stat>
<stat pass="4" fail="0" skip="0" id="s1-s1" name="Buy Products">Features Keywords.Buy Products</stat>
</suite>
</statistics>
<errors>
</errors>
</robot>
